[2025-04-02 17:50:40] Table 'User' created or already exists
[2025-04-02 17:50:40] Table 'Application' created or already exists
[2025-04-02 17:50:40] Table 'ClientProfile' created or already exists
[2025-04-02 17:50:40] Table 'ContactAddress' created or already exists
[2025-04-02 17:50:40] Table 'UserDetails' created or already exists
[2025-04-02 17:50:40] Table 'Request' created or already exists
[2025-04-02 17:50:40] Table 'Payment' created or already exists
[2025-04-02 17:50:40] Table 'AuditLog' created or already exists
[2025-04-02 17:50:40] Table 'Notification' created or already exists
[2025-04-02 17:50:40] Table 'SystemNotification' created or already exists
[2025-04-02 17:50:40] Error creating tables: You have an error in your SQL syntax; check the manual that corresponds to your MariaDB server version for the right syntax to use near 'UNSIGNED,
                FOREIGN KEY (user_id) REFERENCES User(id),
        ...' at line 3
[2025-04-02 17:50:45] Table 'User' created or already exists
[2025-04-02 17:50:45] Table 'Application' created or already exists
[2025-04-02 17:50:45] Table 'ClientProfile' created or already exists
[2025-04-02 17:50:45] Table 'ContactAddress' created or already exists
[2025-04-02 17:50:45] Table 'UserDetails' created or already exists
[2025-04-02 17:50:45] Table 'Request' created or already exists
[2025-04-02 17:50:45] Table 'Payment' created or already exists
[2025-04-02 17:50:45] Table 'AuditLog' created or already exists
[2025-04-02 17:50:45] Table 'Notification' created or already exists
[2025-04-02 17:50:45] Table 'SystemNotification' created or already exists
[2025-04-02 17:50:45] Error creating tables: You have an error in your SQL syntax; check the manual that corresponds to your MariaDB server version for the right syntax to use near 'UNSIGNED,
                FOREIGN KEY (user_id) REFERENCES User(id),
        ...' at line 3
[2025-04-02 17:50:46] Table 'User' created or already exists
[2025-04-02 17:50:46] Table 'Application' created or already exists
[2025-04-02 17:50:46] Table 'ClientProfile' created or already exists
[2025-04-02 17:50:46] Table 'ContactAddress' created or already exists
[2025-04-02 17:50:46] Table 'UserDetails' created or already exists
[2025-04-02 17:50:46] Table 'Request' created or already exists
[2025-04-02 17:50:46] Table 'Payment' created or already exists
[2025-04-02 17:50:46] Table 'AuditLog' created or already exists
[2025-04-02 17:50:46] Table 'Notification' created or already exists
[2025-04-02 17:50:46] Table 'SystemNotification' created or already exists
[2025-04-02 17:50:46] Error creating tables: You have an error in your SQL syntax; check the manual that corresponds to your MariaDB server version for the right syntax to use near 'UNSIGNED,
                FOREIGN KEY (user_id) REFERENCES User(id),
        ...' at line 3
[2025-04-02 17:50:46] Table 'User' created or already exists
[2025-04-02 17:50:46] Table 'Application' created or already exists
[2025-04-02 17:50:46] Table 'ClientProfile' created or already exists
[2025-04-02 17:50:46] Table 'ContactAddress' created or already exists
[2025-04-02 17:50:46] Table 'UserDetails' created or already exists
[2025-04-02 17:50:46] Table 'Request' created or already exists
[2025-04-02 17:50:46] Table 'Payment' created or already exists
[2025-04-02 17:50:46] Table 'AuditLog' created or already exists
[2025-04-02 17:50:46] Table 'Notification' created or already exists
[2025-04-02 17:50:46] Table 'SystemNotification' created or already exists
[2025-04-02 17:50:46] Error creating tables: You have an error in your SQL syntax; check the manual that corresponds to your MariaDB server version for the right syntax to use near 'UNSIGNED,
                FOREIGN KEY (user_id) REFERENCES User(id),
        ...' at line 3
[2025-04-02 17:50:46] Table 'User' created or already exists
[2025-04-02 17:50:46] Table 'Application' created or already exists
[2025-04-02 17:50:46] Table 'ClientProfile' created or already exists
[2025-04-02 17:50:46] Table 'ContactAddress' created or already exists
[2025-04-02 17:50:46] Table 'UserDetails' created or already exists
[2025-04-02 17:50:46] Table 'Request' created or already exists
[2025-04-02 17:50:46] Table 'Payment' created or already exists
[2025-04-02 17:50:46] Table 'AuditLog' created or already exists
[2025-04-02 17:50:46] Table 'Notification' created or already exists
[2025-04-02 17:50:46] Table 'SystemNotification' created or already exists
[2025-04-02 17:50:46] Error creating tables: You have an error in your SQL syntax; check the manual that corresponds to your MariaDB server version for the right syntax to use near 'UNSIGNED,
                FOREIGN KEY (user_id) REFERENCES User(id),
        ...' at line 3
[2025-04-02 17:51:41] Table 'User' created or already exists
[2025-04-02 17:51:41] Table 'Application' created or already exists
[2025-04-02 17:51:41] Table 'ClientProfile' created or already exists
[2025-04-02 17:51:41] Table 'ContactAddress' created or already exists
[2025-04-02 17:51:41] Table 'UserDetails' created or already exists
[2025-04-02 17:51:41] Table 'Request' created or already exists
[2025-04-02 17:51:41] Table 'Payment' created or already exists
[2025-04-02 17:51:41] Table 'AuditLog' created or already exists
[2025-04-02 17:51:41] Table 'Notification' created or already exists
[2025-04-02 17:51:41] Table 'SystemNotification' created or already exists
[2025-04-02 17:51:41] Error creating tables: Can't create table `docutracker`.`Session` (errno: 150 "Foreign key constraint is incorrectly formed")
[2025-04-02 17:52:39] Table 'User' created or already exists
[2025-04-02 17:52:39] Table 'Application' created or already exists
[2025-04-02 17:52:39] Table 'ClientProfile' created or already exists
[2025-04-02 17:52:39] Table 'ContactAddress' created or already exists
[2025-04-02 17:52:39] Table 'UserDetails' created or already exists
[2025-04-02 17:52:39] Table 'Request' created or already exists
[2025-04-02 17:52:39] Table 'Payment' created or already exists
[2025-04-02 17:52:39] Table 'AuditLog' created or already exists
[2025-04-02 17:52:39] Table 'Notification' created or already exists
[2025-04-02 17:52:39] Table 'SystemNotification' created or already exists
[2025-04-02 17:52:39] Table 'Session' created or already exists
[2025-04-02 17:52:39] Tables created successfully
[2025-04-05 15:31:52] Creating tables...
[2025-04-05 15:31:52] Table 'User' created or already exists
[2025-04-05 15:31:52] Table 'Application' created or already exists
[2025-04-05 15:31:52] Table 'ClientProfile' created or already exists
[2025-04-05 15:31:52] Table 'ContactAddress' created or already exists
[2025-04-05 15:31:52] Table 'UserDetails' created or already exists
[2025-04-05 15:31:52] Table 'Request' created or already exists
[2025-04-05 15:31:52] Table 'Payment' created or already exists
[2025-04-05 15:31:52] Table 'AuditLog' created or already exists
[2025-04-05 15:31:52] Table 'Notification' created or already exists
[2025-04-05 15:31:52] Table 'SystemNotification' created or already exists
[2025-04-05 15:31:52] Tables created successfully
[2025-04-05 15:32:50] Creating tables...
[2025-04-05 15:32:50] Table 'User' created or already exists
[2025-04-05 15:32:50] Table 'Application' created or already exists
[2025-04-05 15:32:50] Table 'ClientProfile' created or already exists
[2025-04-05 15:32:50] Table 'ContactAddress' created or already exists
[2025-04-05 15:32:50] Table 'UserDetails' created or already exists
[2025-04-05 15:32:50] Table 'Request' created or already exists
[2025-04-05 15:32:50] Table 'Payment' created or already exists
[2025-04-05 15:32:50] Table 'AuditLog' created or already exists
[2025-04-05 15:32:50] Table 'Notification' created or already exists
[2025-04-05 15:32:50] Table 'SystemNotification' created or already exists
[2025-04-05 15:32:50] Table 'SessionTokens' created or already exists
[2025-04-05 15:32:50] Tables created successfully
[2025-04-05 17:08:30] Creating tables...
[2025-04-05 17:08:30] Table 'User' created or already exists
[2025-04-05 17:08:30] Table 'Application' created or already exists
[2025-04-05 17:08:30] Table 'ClientProfile' created or already exists
[2025-04-05 17:08:30] Table 'ContactAddress' created or already exists
[2025-04-05 17:08:30] Table 'UserDetails' created or already exists
[2025-04-05 17:08:30] Table 'Request' created or already exists
[2025-04-05 17:08:30] Table 'Payment' created or already exists
[2025-04-05 17:08:30] Table 'AuditLog' created or already exists
[2025-04-05 17:08:30] Table 'Notification' created or already exists
[2025-04-05 17:08:30] Table 'SystemNotification' created or already exists
[2025-04-05 17:08:30] Table 'SessionTokens' created or already exists
[2025-04-05 17:08:30] Tables created successfully
[2025-04-06 04:50:54] Creating tables...
[2025-04-06 04:50:54] Table 'User' created or already exists
[2025-04-06 04:50:54] Table 'Application' created or already exists
[2025-04-06 04:50:54] Table 'ClientProfile' created or already exists
[2025-04-06 04:50:54] Table 'ContactAddress' created or already exists
[2025-04-06 04:50:54] Table 'UserDetails' created or already exists
[2025-04-06 04:50:54] Table 'Request' created or already exists
[2025-04-06 04:50:54] Table 'Payment' created or already exists
[2025-04-06 04:50:54] Table 'AuditLog' created or already exists
[2025-04-06 04:50:54] Table 'Notification' created or already exists
[2025-04-06 04:50:54] Table 'SystemNotification' created or already exists
[2025-04-06 04:50:54] Table 'SessionTokens' created or already exists
[2025-04-06 04:50:54] Tables created successfully
[2025-04-06 04:56:27] Creating tables...
[2025-04-06 04:56:27] Table 'User' created or already exists
[2025-04-06 04:56:27] Table 'Application' created or already exists
[2025-04-06 04:56:27] Table 'ClientProfile' created or already exists
[2025-04-06 04:56:27] Table 'ContactAddress' created or already exists
[2025-04-06 04:56:28] Table 'UserDetails' created or already exists
[2025-04-06 04:56:28] Table 'Request' created or already exists
[2025-04-06 04:56:28] Table 'Payment' created or already exists
[2025-04-06 04:56:28] Table 'AuditLog' created or already exists
[2025-04-06 04:56:28] Table 'Notification' created or already exists
[2025-04-06 04:56:28] Table 'SystemNotification' created or already exists
[2025-04-06 04:56:28] Table 'SessionTokens' created or already exists
[2025-04-06 04:56:28] Tables created successfully
[2025-04-06 05:09:20] Creating tables...
[2025-04-06 05:09:20] Table 'User' created or already exists
[2025-04-06 05:09:20] Table 'Application' created or already exists
[2025-04-06 05:09:20] Table 'ClientProfile' created or already exists
[2025-04-06 05:09:20] Table 'ContactAddress' created or already exists
[2025-04-06 05:09:20] Table 'UserDetails' created or already exists
[2025-04-06 05:09:20] Table 'Request' created or already exists
[2025-04-06 05:09:20] Table 'Payment' created or already exists
[2025-04-06 05:09:20] Table 'AuditLog' created or already exists
[2025-04-06 05:09:20] Table 'Notification' created or already exists
[2025-04-06 05:09:20] Table 'SystemNotification' created or already exists
[2025-04-06 05:09:21] Table 'SessionTokens' created or already exists
[2025-04-06 05:09:21] Tables created successfully
