[2025-05-18 06:25:19] Successful login attempt for markjayson545@outlook.com
[2025-05-18 06:25:19] Session token for markjayson545@outlook.com: 5d33a18a620ce5c0f2afae051897847f004999ecbeb3dbb7e83944366d7b3960
[2025-05-18 06:29:22] Failed login attempt for markjayson545@outlookj.com
[2025-05-18 06:29:23] Successful login attempt for markjayson545@outlook.com
[2025-05-18 06:29:23] Session token for markjayson545@outlook.com: dc5f4dc7a0c51a0dd5ab9c460164268bc17d58d9d869a1dee033efd2fc200afa
[2025-05-18 06:52:07] Successful login attempt for markjayson545@outlook.com
[2025-05-18 06:52:07] Session token for markjayson545@outlook.com: 1e4e333e1bacb5a2a63ec123a16bc120ff8cd48c8fad56b0ce2acbbc469a4a7a
[2025-05-18 07:09:36] Successful login attempt for markjayson545@outlook.com
[2025-05-18 07:09:36] Session token for markjayson545@outlook.com: 97073abd618c2f99f237d5367e2a813322bf74166c0f58541df12fd8fa015fac
[2025-05-18 07:15:14] Successful login attempt for markjayson545@outlook.com
[2025-05-18 07:15:14] Session token for markjayson545@outlook.com: 81adb897134440fd8fc1f7c9c8448d3c7b53343895f454c8a47891a5108bec01
[2025-05-18 08:30:01] Successful login attempt for markjayson545@outlook.com
[2025-05-18 08:30:01] Session token for markjayson545@outlook.com: 3e70b4c160fbaedaf71939796d29dd5381d5587a1a0b291370e1d5a5f8629ac9
[2025-05-18 09:06:47] Successful login attempt for markjayson545@outlook.com
[2025-05-18 09:06:47] Session token for markjayson545@outlook.com: 3ad976c3f665ffe099816b84d30dd496235a74b93ea0bc2d8bbac1900fbe1cc7
[2025-05-18 10:02:04] Successful login attempt for markjayson545@gmail.com
[2025-05-18 10:02:04] Session token for markjayson545@gmail.com: ced46202712065b5a513386a830a05810e8e1a037e1c386c5b7b5fe4ae5ae86f
[2025-05-18 10:02:20] Successful login attempt for markjayson545@outlook.com
[2025-05-18 10:02:20] Session token for markjayson545@outlook.com: d70f479bf6cc20cdc389c364fd19f3daaae7f48b2c301cbb9172050321d6fee2
[2025-05-18 10:02:41] Successful login attempt for markjayson545@gmail.com
[2025-05-18 10:02:41] Session token for markjayson545@gmail.com: 6e5eb434afa94894246169078c2660ef84e7c11a0dcea33ae097228a3245a69e
[2025-05-18 10:03:40] Successful login attempt for markjayson545@outlook.com
[2025-05-18 10:03:40] Session token for markjayson545@outlook.com: a87cee12e3b0244a7dbae38fa2e66cee32ee9efd8aeeda83571af95d26b6ac3c
[2025-05-18 11:00:26] Successful login attempt for markjayson545@outlook.com
[2025-05-18 11:00:26] Session token for markjayson545@outlook.com: 14a95f428c9f05458f3d0678aaa26bdfb17eea86eb6da505278b4afdddce9a57
[2025-05-18 11:09:24] Successful login attempt for markjayson5455@outlook.com
[2025-05-18 11:09:24] Session token for markjayson5455@outlook.com: 32141a0b9cc7a033db371b818c9e313432d31b6b875fbd08d702e07389c702ff
[2025-05-18 11:17:58] Successful login attempt for markjayson545@gmail.com
[2025-05-18 11:17:58] Session token for markjayson545@gmail.com: baf959f9d32b084c01d62c2d0d3b3b92d48c32900ba936549d90108799dcb66b
[2025-05-18 11:19:23] Successful login attempt for markjayson545@gmail.com
[2025-05-18 11:19:23] Session token for markjayson545@gmail.com: 2aad67bc4870d708caff66539ecd5c3b32afef3e465ef7f0d5da35ab8503683f
[2025-05-18 11:21:01] Successful login attempt for markjayson545@gmail.com
[2025-05-18 11:21:01] Session token for markjayson545@gmail.com: cf5b69e343554f52a3477c0db6ac205a99044986ac3af61092119b7e2abd3b7a
[2025-05-18 11:21:08] Successful login attempt for markjayson545@gmail.com
[2025-05-18 11:21:08] Session token for markjayson545@gmail.com: 5fe04a9dd16f4d53b854f1bf1e2e04a5271384f2e4a73ffa81e0c6ee51100041
[2025-05-18 11:23:01] Successful login attempt for markjayson545@outlook.com
[2025-05-18 11:23:01] Session token for markjayson545@outlook.com: 0956ced810a5040acf03954cd041dfbb218988667477ce6cc05f887df52b8732
[2025-05-18 11:23:01] Session token stored in database for markjayson545@outlook.com
[2025-05-18 11:23:01] Session token cookie set for markjayson545@outlook.com
[2025-05-20 07:24:31] Successful login attempt for markjayson545@gmail.com
[2025-05-20 07:24:31] Session token for markjayson545@gmail.com: 9566f1811fc5ccb26a44b288ef5eb7ad07b15b5f27472a8fb1c2772b40404711
[2025-05-20 07:25:21] Successful login attempt for markjayson545@outlook.com
[2025-05-20 07:25:21] Session token for markjayson545@outlook.com: 5cd9f8733b9930714799bddf7f76336cf5000535735f0b9b306b4abe2381d924
[2025-05-20 07:30:00] Successful login attempt for markjayson545@gmail.com
[2025-05-20 07:30:00] Session token for markjayson545@gmail.com: 104578c6edc6c5deae65410e4064979a11781c9063f961f89fa53ace9c523b6f
[2025-05-20 07:31:17] Successful login attempt for markjayson545@outloosk.com
[2025-05-20 07:31:17] Session token for markjayson545@outloosk.com: 89d07630c853f0d92717d16f907544f0a14cb738672423ff7bcc35697d2fda85
[2025-05-20 10:48:33] Successful login attempt for markjayson545@outlook.com
[2025-05-20 10:48:33] Session token for markjayson545@outlook.com: 770335487f106b471680258f5888b37897819c223e742aeefd557d88315b65f2
[2025-05-20 11:01:51] Successful login attempt for markjayson545@outlook.com
[2025-05-20 11:01:51] Session token for markjayson545@outlook.com: c7c31a1cd977cd3082315a7a0d1108c81a7d18ed90fd370b7adfdb220f80c2f1
[2025-05-20 11:29:04] Successful login attempt for markjayson545@gmail.com
[2025-05-20 11:29:04] Session token for markjayson545@gmail.com: 7900013e4677ecfaf00ab1689b1d2f799d6dd74877dffeb0f234d987478b101c
[2025-05-20 11:33:33] Successful login attempt for markjayson545@gmail.com
[2025-05-20 11:33:33] Session token for markjayson545@gmail.com: b8218b0995f7dd51ff6434646ea117c7e79212221eba9bb4c6eed503d36431fc
[2025-05-20 11:53:07] Successful login attempt for markjayson545@outlook.com
[2025-05-20 11:53:07] Session token for markjayson545@outlook.com: c67a3786ca03f7da8cab2128dc06c58026e7734d2d29e008554b05f69ffa832e
[2025-05-20 12:58:24] Successful login attempt for markjayson545@gmail.com
[2025-05-20 12:58:24] Session token for markjayson545@gmail.com: a191c3ed1e4c8647388bdd0499b94dde5995adc98c18a0bbe27e5f17aad4aacc
[2025-05-20 12:58:59] Successful login attempt for markjayson545@outlook.com
[2025-05-20 12:58:59] Session token for markjayson545@outlook.com: 054d3bb781a4704067909c590d9f61ff325aca368abc52e0783008c605a522a1
